 [*] Waiting for messages. To exit press CTRL+C
{'id': '2', 'laps': '15', 'pos': '1'}
id:2, gps:(), lap:15, pos:1, speed:0.0
{'id': '7', 'laps': '15', 'pos': '2'}
id:7, gps:(), lap:15, pos:2, speed:0.0
{'id': '18', 'laps': '15', 'pos': '3'}
id:18, gps:(), lap:15, pos:3, speed:0.0
{'id': '16', 'laps': '15', 'pos': '4'}
id:16, gps:(), lap:15, pos:4, speed:0.0
{'id': '15', 'laps': '15', 'pos': '5'}
id:15, gps:(), lap:15, pos:5, speed:0.0
{'id': '12', 'laps': '14', 'pos': '6'}
id:12, gps:(), lap:14, pos:6, speed:0.0
{'id': '13', 'laps': '14', 'pos': '7'}
id:13, gps:(), lap:14, pos:7, speed:0.0
{'id': '11', 'laps': '14', 'pos': '8'}
id:11, gps:(), lap:14, pos:8, speed:0.0
{'id': '3', 'laps': '14', 'pos': '9'}
id:3, gps:(), lap:14, pos:9, speed:0.0
{'id': '10', 'laps': '14', 'pos': '10'}
id:10, gps:(), lap:14, pos:10, speed:0.0
{'id': '5', 'laps': '14', 'pos': '11'}
id:5, gps:(), lap:14, pos:11, speed:0.0
{'id': '6', 'laps': '14', 'pos': '12'}
id:6, gps:(), lap:14, pos:12, speed:0.0
{'id': '20', 'laps': '14', 'pos': '13'}
id:20, gps:(), lap:14, pos:13, speed:0.0
{'id': '1', 'laps': '14', 'pos': '14'}
id:1, gps:(), lap:14, pos:14, speed:0.0
{'id': '14', 'laps': '13', 'pos': '15'}
id:14, gps:(), lap:13, pos:15, speed:0.0
{'id': '19', 'laps': '13', 'pos': '16'}
id:19, gps:(), lap:13, pos:16, speed:0.0
{'id': '8', 'laps': '13', 'pos': '17'}
id:8, gps:(), lap:13, pos:17, speed:0.0
{'id': '17', 'laps': '13', 'pos': '18'}
id:17, gps:(), lap:13, pos:18, speed:0.0
{'id': '4', 'laps': '13', 'pos': '19'}
id:4, gps:(), lap:13, pos:19, speed:0.0
{'id': '9', 'laps': '13', 'pos': '20'}
id:9, gps:(), lap:13, pos:20, speed:0.0
id:88, gps:(0, 0), lap:0, pos:0, speed:0
id:31, gps:(0, 0), lap:0, pos:0, speed:0
id:8, gps:(0, 0), lap:0, pos:0, speed:0
id:8, gps:(37.40627, -122.0627), lap:0, pos:0, speed:8.12307071685791
id:8, gps:(37.3504, -122.057415), lap:0, pos:0, speed:19.610605239868164
id:8, gps:(37.3504, -122.05755), lap:0, pos:0, speed:19.610605239868164
id:8, gps:(37.3504, -122.05765), lap:0, pos:0, speed:19.610605239868164
id:8, gps:(37.35039833333333, -122.05787166666667), lap:0, pos:0, speed:19.610605239868164
id:8, gps:(37.3504, -122.05809333333333), lap:0, pos:0, speed:19.610605239868164
id:8, gps:(37.3504, -122.058315), lap:0, pos:0, speed:19.610605239868164
id:8, gps:(37.3504, -122.05856), lap:0, pos:0, speed:19.610605239868164
id:8, gps:(37.3504, -122.05878166666666), lap:0, pos:0, speed:19.610605239868164
id:8, gps:(37.3504, -122.05900333333334), lap:0, pos:0, speed:19.610605239868164
id:8, gps:(37.3504, -122.059225), lap:0, pos:0, speed:19.610605239868164
id:8, gps:(37.3504, -122.05944666666667), lap:0, pos:0, speed:19.610605239868164
id:8, gps:(37.3504, -122.05959), lap:0, pos:0, speed:29.091808319091797
id:8, gps:(37.35049, -122.0596), lap:0, pos:0, speed:29.091808319091797
id:8, gps:(37.35075, -122.0596), lap:0, pos:0, speed:29.091808319091797
id:8, gps:(37.351011666666665, -122.0596), lap:0, pos:0, speed:29.091808319091797
id:8, gps:(37.3513, -122.0596), lap:0, pos:0, speed:29.091808319091797
id:8, gps:(37.35141, -122.05959), lap:0, pos:0, speed:29.091808319091797
id:8, gps:(37.35149, -122.05958), lap:0, pos:0, speed:29.091808319091797
id:8, gps:(37.35155, -122.05955), lap:0, pos:0, speed:29.091808319091797
id:8, gps:(37.3516, -122.05951), lap:0, pos:0, speed:29.091808319091797
id:8, gps:(37.35163, -122.05948), lap:0, pos:0, speed:29.091808319091797
id:8, gps:(37.35169, -122.05943), lap:0, pos:0, speed:29.091808319091797
id:8, gps:(37.35176, -122.05935), lap:0, pos:0, speed:29.091808319091797
id:8, gps:(37.35181, -122.0593), lap:0, pos:0, speed:29.091808319091797
id:8, gps:(37.35187, -122.05927), lap:0, pos:0, speed:29.091808319091797
id:8, gps:(37.35191833333333, -122.05925), lap:0, pos:0, speed:29.091808319091797
id:8, gps:(37.35197, -122.05925), lap:0, pos:0, speed:29.091808319091797
id:8, gps:(37.35205, -122.05924), lap:0, pos:0, speed:22.35259246826172
id:8, gps:(37.3522, -122.05925), lap:0, pos:0, speed:22.35259246826172
id:8, gps:(37.35221, -122.05954), lap:0, pos:0, speed:22.35259246826172
id:8, gps:(37.35221, -122.05979166666667), lap:0, pos:0, speed:22.35259246826172
id:8, gps:(37.35227, -122.06001), lap:0, pos:0, speed:134.23387145996094
id:8, gps:(37.35241, -122.06021), lap:0, pos:0, speed:134.23387145996094
id:8, gps:(37.35274, -122.06039), lap:0, pos:0, speed:134.23387145996094
id:8, gps:(37.35299, -122.06053), lap:0, pos:0, speed:134.23387145996094
id:8, gps:(37.35321, -122.06065), lap:0, pos:0, speed:134.23387145996094
id:8, gps:(37.35354, -122.06087), lap:0, pos:0, speed:134.23387145996094
id:8, gps:(37.35379833333333, -122.06103), lap:0, pos:0, speed:134.23387145996094
id:8, gps:(37.35403, -122.06118), lap:0, pos:0, speed:134.23387145996094
id:8, gps:(37.35415, -122.06126), lap:0, pos:0, speed:134.23387145996094
id:8, gps:(37.35459, -122.06154), lap:0, pos:0, speed:134.23387145996094
id:8, gps:(37.35468, -122.06169), lap:0, pos:0, speed:134.23387145996094
id:8, gps:(37.35503, -122.06185), lap:0, pos:0, speed:134.23387145996094
id:8, gps:(37.35523, -122.06194), lap:0, pos:0, speed:134.23387145996094
id:8, gps:(37.35543, -122.06202), lap:0, pos:0, speed:134.23387145996094
id:8, gps:(37.35589, -122.0622), lap:0, pos:0, speed:134.23387145996094
id:8, gps:(37.35619, -122.06231), lap:0, pos:0, speed:134.23387145996094
id:8, gps:(37.35641833333333, -122.06238), lap:0, pos:0, speed:134.23387145996094
id:8, gps:(37.35666, -122.06245), lap:0, pos:0, speed:134.23387145996094
id:8, gps:(37.35687, -122.06251), lap:0, pos:0, speed:134.23387145996094
id:8, gps:(37.35725, -122.0626), lap:0, pos:0, speed:134.23387145996094
id:8, gps:(37.35744, -122.06264), lap:0, pos:0, speed:134.23387145996094
id:8, gps:(37.35787, -122.06272), lap:0, pos:0, speed:134.23387145996094
id:8, gps:(37.35806, -122.06275), lap:0, pos:0, speed:134.23387145996094
id:8, gps:(37.3585, -122.06281), lap:0, pos:0, speed:134.23387145996094
id:8, gps:(37.35874, -122.06283), lap:0, pos:0, speed:134.23387145996094
id:8, gps:(37.35898, -122.06285), lap:0, pos:0, speed:134.23387145996094
id:8, gps:(37.35925, -122.06286), lap:0, pos:0, speed:134.23387145996094
id:8, gps:(37.35968, -122.06287), lap:0, pos:0, speed:134.23387145996094
id:8, gps:(37.35997, -122.06287), lap:0, pos:0, speed:134.23387145996094
id:8, gps:(37.36025, -122.06287), lap:0, pos:0, speed:134.23387145996094
id:8, gps:(37.36059, -122.06286), lap:0, pos:0, speed:134.23387145996094
id:8, gps:(37.36102, -122.06285), lap:0, pos:0, speed:134.23387145996094
id:8, gps:(37.36138, -122.06284), lap:0, pos:0, speed:134.23387145996094
id:8, gps:(37.36172, -122.06284), lap:0, pos:0, speed:134.23387145996094
id:8, gps:(37.36189, -122.06283), lap:0, pos:0, speed:134.23387145996094
id:8, gps:(37.36223, -122.06282), lap:0, pos:0, speed:134.23387145996094
id:8, gps:(37.36251, -122.06282), lap:0, pos:0, speed:134.23387145996094
id:8, gps:(37.36307, -122.0628), lap:0, pos:0, speed:134.23387145996094
id:8, gps:(37.3635, -122.06279), lap:0, pos:0, speed:134.23387145996094
id:8, gps:(37.36375, -122.0628), lap:0, pos:0, speed:134.23387145996094
id:8, gps:(37.36402, -122.0628), lap:0, pos:0, speed:134.23387145996094
id:8, gps:(37.36436, -122.06282), lap:0, pos:0, speed:134.23387145996094
id:8, gps:(37.36467833333333, -122.06287), lap:0, pos:0, speed:134.23387145996094
id:8, gps:(37.36496833333333, -122.06292), lap:0, pos:0, speed:134.23387145996094
id:8, gps:(37.36527, -122.063), lap:0, pos:0, speed:134.23387145996094
id:8, gps:(37.36552833333333, -122.06308), lap:0, pos:0, speed:134.23387145996094
id:8, gps:(37.36567, -122.06313), lap:0, pos:0, speed:134.23387145996094
id:8, gps:(37.36613, -122.06331), lap:0, pos:0, speed:134.23387145996094
id:8, gps:(37.3664, -122.06345), lap:0, pos:0, speed:134.23387145996094
id:8, gps:(37.36664833333333, -122.06358), lap:0, pos:0, speed:134.23387145996094
id:8, gps:(37.36677, -122.06365), lap:0, pos:0, speed:134.23387145996094
id:8, gps:(37.36702, -122.06381), lap:0, pos:0, speed:134.23387145996094
id:8, gps:(37.36727, -122.06396), lap:0, pos:0, speed:134.23387145996094
id:8, gps:(37.36766, -122.06419), lap:0, pos:0, speed:134.23387145996094
id:8, gps:(37.36796, -122.06438), lap:0, pos:0, speed:134.23387145996094
id:8, gps:(37.36821, -122.06453), lap:0, pos:0, speed:134.23387145996094
id:8, gps:(37.36846, -122.06468), lap:0, pos:0, speed:134.23387145996094
id:8, gps:(37.36869, -122.06482), lap:0, pos:0, speed:134.23387145996094
id:8, gps:(37.36907, -122.06505), lap:0, pos:0, speed:134.23387145996094
id:8, gps:(37.36928, -122.06518), lap:0, pos:0, speed:134.23387145996094
id:8, gps:(37.36953, -122.06533), lap:0, pos:0, speed:134.23387145996094
id:8, gps:(37.3699, -122.06556), lap:0, pos:0, speed:134.23387145996094
id:8, gps:(37.37009, -122.06567), lap:0, pos:0, speed:134.23387145996094
id:8, gps:(37.37027, -122.06578), lap:0, pos:0, speed:134.23387145996094
id:8, gps:(37.37064, -122.066), lap:0, pos:0, speed:134.23387145996094
id:8, gps:(37.37107, -122.06626), lap:0, pos:0, speed:134.23387145996094
id:8, gps:(37.37149, -122.06652), lap:0, pos:0, speed:134.23387145996094
id:8, gps:(37.37166, -122.06662), lap:0, pos:0, speed:134.23387145996094
id:8, gps:(37.37198, -122.06681), lap:0, pos:0, speed:134.23387145996094
id:8, gps:(37.3721, -122.06689), lap:0, pos:0, speed:134.23387145996094
id:8, gps:(37.37255, -122.06716), lap:0, pos:0, speed:134.23387145996094
id:8, gps:(37.37284833333333, -122.06733), lap:0, pos:0, speed:134.23387145996094
id:8, gps:(37.37302, -122.0674), lap:0, pos:0, speed:134.23387145996094
id:8, gps:(37.37339, -122.06756), lap:0, pos:0, speed:134.23387145996094
id:8, gps:(37.37367, -122.06765), lap:0, pos:0, speed:134.23387145996094
id:8, gps:(37.37393, -122.06772), lap:0, pos:0, speed:134.23387145996094
id:8, gps:(37.37414, -122.06776), lap:0, pos:0, speed:134.23387145996094
id:8, gps:(37.37442, -122.0678), lap:0, pos:0, speed:134.23387145996094
id:8, gps:(37.37476, -122.06781), lap:0, pos:0, speed:134.23387145996094
id:8, gps:(37.37528, -122.06781), lap:0, pos:0, speed:134.23387145996094
id:8, gps:(37.3755, -122.06779), lap:0, pos:0, speed:134.23387145996094
id:8, gps:(37.37587, -122.06774), lap:0, pos:0, speed:134.23387145996094
